This is pdfTeX, Version 3.141592653-2.6-1.40.26 (TeX Live 2024) (preloaded format=pdflatex 2024.9.16)  21 NOV 2024 14:57
entering extended mode
 restricted \write18 enabled.
 %&-line parsing enabled.
**seminarpaper.tex -interaction=nonstopmode -outdir=build -pdf -halt-on-error m
ain
(./seminarpaper.tex
LaTeX2e <2023-11-01> patch level 1
L3 programming layer <2024-02-20>
(/usr/local/texlive/2024/texmf-dist/tex/latex/base/article.cls
Document Class: article 2023/05/17 v1.4n Standard LaTeX document class
(/usr/local/texlive/2024/texmf-dist/tex/latex/base/size10.clo
File: size10.clo 2023/05/17 v1.4n Standard LaTeX file (size option)
)
\c@part=\count188
\c@section=\count189
\c@subsection=\count190
\c@subsubsection=\count191
\c@paragraph=\count192
\c@subparagraph=\count193
\c@figure=\count194
\c@table=\count195
\abovecaptionskip=\skip48
\belowcaptionskip=\skip49
\bibindent=\dimen140
)
(/usr/local/texlive/2024/texmf-dist/tex/latex/breakurl/breakurl.sty
Package: breakurl 2013/04/10 v1.40 Breakable hyperref URLs

(/usr/local/texlive/2024/texmf-dist/tex/latex/xkeyval/xkeyval.sty
Package: xkeyval 2022/06/16 v2.9 package option processing (HA)

(/usr/local/texlive/2024/texmf-dist/tex/generic/xkeyval/xkeyval.tex
(/usr/local/texlive/2024/texmf-dist/tex/generic/xkeyval/xkvutils.tex
\XKV@toks=\toks17
\XKV@tempa@toks=\toks18

(/usr/local/texlive/2024/texmf-dist/tex/generic/xkeyval/keyval.tex))
\XKV@depth=\count196
File: xkeyval.tex 2014/12/03 v2.7a key=value parser (HA)
))
(/usr/local/texlive/2024/texmf-dist/tex/generic/iftex/ifpdf.sty
Package: ifpdf 2019/10/25 v3.4 ifpdf legacy package. Use iftex instead.

(/usr/local/texlive/2024/texmf-dist/tex/generic/iftex/iftex.sty
Package: iftex 2022/02/03 v1.0f TeX engine tests
))

Package breakurl Warning: You are using breakurl while processing via pdflatex.

(breakurl)                \burl will be just a synonym of \url.
(breakurl)                 on input line 48.

) (/usr/local/texlive/2024/texmf-dist/tex/latex/graphics/graphicx.sty
Package: graphicx 2021/09/16 v1.2d Enhanced LaTeX Graphics (DPC,SPQR)

(/usr/local/texlive/2024/texmf-dist/tex/latex/graphics/graphics.sty
Package: graphics 2022/03/10 v1.4e Standard LaTeX Graphics (DPC,SPQR)

(/usr/local/texlive/2024/texmf-dist/tex/latex/graphics/trig.sty
Package: trig 2021/08/11 v1.11 sin cos tan (DPC)
)
(/usr/local/texlive/2024/texmf-dist/tex/latex/graphics-cfg/graphics.cfg
File: graphics.cfg 2016/06/04 v1.11 sample graphics configuration
)
Package graphics Info: Driver file: pdftex.def on input line 107.

(/usr/local/texlive/2024/texmf-dist/tex/latex/graphics-def/pdftex.def
File: pdftex.def 2022/09/22 v1.2b Graphics/color driver for pdftex
))
\Gin@req@height=\dimen141
\Gin@req@width=\dimen142
)
(/usr/local/texlive/2024/texmf-dist/tex/latex/hyperref/hyperref.sty
Package: hyperref 2024-01-20 v7.01h Hypertext links for LaTeX

(/usr/local/texlive/2024/texmf-dist/tex/latex/kvsetkeys/kvsetkeys.sty
Package: kvsetkeys 2022-10-05 v1.19 Key value parser (HO)
)
(/usr/local/texlive/2024/texmf-dist/tex/generic/kvdefinekeys/kvdefinekeys.sty
Package: kvdefinekeys 2019-12-19 v1.6 Define keys (HO)
)
(/usr/local/texlive/2024/texmf-dist/tex/generic/pdfescape/pdfescape.sty
Package: pdfescape 2019/12/09 v1.15 Implements pdfTeX's escape features (HO)

(/usr/local/texlive/2024/texmf-dist/tex/generic/ltxcmds/ltxcmds.sty
Package: ltxcmds 2023-12-04 v1.26 LaTeX kernel commands for general use (HO)
)
(/usr/local/texlive/2024/texmf-dist/tex/generic/pdftexcmds/pdftexcmds.sty
Package: pdftexcmds 2020-06-27 v0.33 Utility functions of pdfTeX for LuaTeX (HO
)

(/usr/local/texlive/2024/texmf-dist/tex/generic/infwarerr/infwarerr.sty
Package: infwarerr 2019/12/03 v1.5 Providing info/warning/error messages (HO)
)
Package pdftexcmds Info: \pdf@primitive is available.
Package pdftexcmds Info: \pdf@ifprimitive is available.
Package pdftexcmds Info: \pdfdraftmode found.
))
(/usr/local/texlive/2024/texmf-dist/tex/latex/hycolor/hycolor.sty
Package: hycolor 2020-01-27 v1.10 Color options for hyperref/bookmark (HO)
)
(/usr/local/texlive/2024/texmf-dist/tex/latex/auxhook/auxhook.sty
Package: auxhook 2019-12-17 v1.6 Hooks for auxiliary files (HO)
)
(/usr/local/texlive/2024/texmf-dist/tex/latex/hyperref/nameref.sty
Package: nameref 2023-11-26 v2.56 Cross-referencing by name of section

(/usr/local/texlive/2024/texmf-dist/tex/latex/refcount/refcount.sty
Package: refcount 2019/12/15 v3.6 Data extraction from label references (HO)
)
(/usr/local/texlive/2024/texmf-dist/tex/generic/gettitlestring/gettitlestring.s
ty
Package: gettitlestring 2019/12/15 v1.6 Cleanup title references (HO)
 (/usr/local/texlive/2024/texmf-dist/tex/latex/kvoptions/kvoptions.sty
Package: kvoptions 2022-06-15 v3.15 Key value format for package options (HO)
))
\c@section@level=\count197
)
(/usr/local/texlive/2024/texmf-dist/tex/latex/etoolbox/etoolbox.sty
Package: etoolbox 2020/10/05 v2.5k e-TeX tools for LaTeX (JAW)
\etb@tempcnta=\count198
)
\@linkdim=\dimen143
\Hy@linkcounter=\count199
\Hy@pagecounter=\count266

(/usr/local/texlive/2024/texmf-dist/tex/latex/hyperref/pd1enc.def
File: pd1enc.def 2024-01-20 v7.01h Hyperref: PDFDocEncoding definition (HO)
Now handling font encoding PD1 ...
... no UTF-8 mapping file for font encoding PD1
)
(/usr/local/texlive/2024/texmf-dist/tex/generic/intcalc/intcalc.sty
Package: intcalc 2019/12/15 v1.3 Expandable calculations with integers (HO)
)
\Hy@SavedSpaceFactor=\count267

(/usr/local/texlive/2024/texmf-dist/tex/latex/hyperref/puenc.def
File: puenc.def 2024-01-20 v7.01h Hyperref: PDF Unicode definition (HO)
Now handling font encoding PU ...
... no UTF-8 mapping file for font encoding PU
)
Package hyperref Info: Hyper figures OFF on input line 4179.
Package hyperref Info: Link nesting OFF on input line 4184.
Package hyperref Info: Hyper index ON on input line 4187.
Package hyperref Info: Plain pages OFF on input line 4194.
Package hyperref Info: Backreferencing OFF on input line 4199.
Package hyperref Info: Implicit mode ON; LaTeX internals redefined.
Package hyperref Info: Bookmarks ON on input line 4446.
\c@Hy@tempcnt=\count268

(/usr/local/texlive/2024/texmf-dist/tex/latex/url/url.sty
\Urlmuskip=\muskip16
Package: url 2013/09/16  ver 3.4  Verb mode for urls, etc.
)
LaTeX Info: Redefining \url on input line 4784.
\XeTeXLinkMargin=\dimen144

(/usr/local/texlive/2024/texmf-dist/tex/generic/bitset/bitset.sty
Package: bitset 2019/12/09 v1.3 Handle bit-vector datatype (HO)

(/usr/local/texlive/2024/texmf-dist/tex/generic/bigintcalc/bigintcalc.sty
Package: bigintcalc 2019/12/15 v1.5 Expandable calculations on big integers (HO
)
))
\Fld@menulength=\count269
\Field@Width=\dimen145
\Fld@charsize=\dimen146
Package hyperref Info: Hyper figures OFF on input line 6063.
Package hyperref Info: Link nesting OFF on input line 6068.
Package hyperref Info: Hyper index ON on input line 6071.
Package hyperref Info: backreferencing OFF on input line 6078.
Package hyperref Info: Link coloring OFF on input line 6083.
Package hyperref Info: Link coloring with OCG OFF on input line 6088.
Package hyperref Info: PDF/A mode OFF on input line 6093.

(/usr/local/texlive/2024/texmf-dist/tex/latex/base/atbegshi-ltx.sty
Package: atbegshi-ltx 2021/01/10 v1.0c Emulation of the original atbegshi
package with kernel methods
)
\Hy@abspage=\count270
\c@Item=\count271
\c@Hfootnote=\count272
)
Package hyperref Info: Driver (autodetected): hpdftex.

(/usr/local/texlive/2024/texmf-dist/tex/latex/hyperref/hpdftex.def
File: hpdftex.def 2024-01-20 v7.01h Hyperref driver for pdfTeX

(/usr/local/texlive/2024/texmf-dist/tex/latex/base/atveryend-ltx.sty
Package: atveryend-ltx 2020/08/19 v1.0a Emulation of the original atveryend pac
kage
with kernel methods
)
\Fld@listcount=\count273
\c@bookmark@seq@number=\count274

(/usr/local/texlive/2024/texmf-dist/tex/latex/rerunfilecheck/rerunfilecheck.sty
Package: rerunfilecheck 2022-07-10 v1.10 Rerun checks for auxiliary files (HO)

(/usr/local/texlive/2024/texmf-dist/tex/generic/uniquecounter/uniquecounter.sty
Package: uniquecounter 2019/12/15 v1.4 Provide unlimited unique counter (HO)
)
Package uniquecounter Info: New unique counter `rerunfilecheck' on input line 2
85.
)
\Hy@SectionHShift=\skip50
)
(/usr/local/texlive/2024/texmf-dist/tex/latex/l3backend/l3backend-pdftex.def
File: l3backend-pdftex.def 2024-02-20 L3 backend support: PDF output (pdfTeX)
\l__color_backend_stack_int=\count275
\l__pdf_internal_box=\box51
)
(./seminarpaper.aux)
\openout1 = `seminarpaper.aux'.

LaTeX Font Info:    Checking defaults for OML/cmm/m/it on input line 36.
LaTeX Font Info:    ... okay on input line 36.
LaTeX Font Info:    Checking defaults for OMS/cmsy/m/n on input line 36.
LaTeX Font Info:    ... okay on input line 36.
LaTeX Font Info:    Checking defaults for OT1/cmr/m/n on input line 36.
LaTeX Font Info:    ... okay on input line 36.
LaTeX Font Info:    Checking defaults for T1/cmr/m/n on input line 36.
LaTeX Font Info:    ... okay on input line 36.
LaTeX Font Info:    Checking defaults for TS1/cmr/m/n on input line 36.
LaTeX Font Info:    ... okay on input line 36.
LaTeX Font Info:    Checking defaults for OMX/cmex/m/n on input line 36.
LaTeX Font Info:    ... okay on input line 36.
LaTeX Font Info:    Checking defaults for U/cmr/m/n on input line 36.
LaTeX Font Info:    ... okay on input line 36.
LaTeX Font Info:    Checking defaults for PD1/pdf/m/n on input line 36.
LaTeX Font Info:    ... okay on input line 36.
LaTeX Font Info:    Checking defaults for PU/pdf/m/n on input line 36.
LaTeX Font Info:    ... okay on input line 36.

(/usr/local/texlive/2024/texmf-dist/tex/context/base/mkii/supp-pdf.mkii
[Loading MPS to PDF converter (version 2006.09.02).]
\scratchcounter=\count276
\scratchdimen=\dimen147
\scratchbox=\box52
\nofMPsegments=\count277
\nofMParguments=\count278
\everyMPshowfont=\toks19
\MPscratchCnt=\count279
\MPscratchDim=\dimen148
\MPnumerator=\count280
\makeMPintoPDFobject=\count281
\everyMPtoPDFconversion=\toks20
) (/usr/local/texlive/2024/texmf-dist/tex/latex/epstopdf-pkg/epstopdf-base.sty
Package: epstopdf-base 2020-01-24 v2.11 Base part for package epstopdf
Package epstopdf-base Info: Redefining graphics rule for `.eps' on input line 4
85.

(/usr/local/texlive/2024/texmf-dist/tex/latex/latexconfig/epstopdf-sys.cfg
File: epstopdf-sys.cfg 2010/07/13 v1.3 Configuration of (r)epstopdf for TeX Liv
e
))
Package hyperref Info: Link coloring OFF on input line 36.

(./seminarpaper.out) (./seminarpaper.out)
\@outlinefile=\write3
\openout3 = `seminarpaper.out'.

LaTeX Font Info:    External font `cmex10' loaded for size
(Font)              <12> on input line 39.
LaTeX Font Info:    External font `cmex10' loaded for size
(Font)              <8> on input line 39.
LaTeX Font Info:    External font `cmex10' loaded for size
(Font)              <6> on input line 39.

Underfull \hbox (badness 1478) in paragraph at lines 41--43
\OT1/cmr/m/n/10 In re-cent years, Ar-ti-fi-cial In-tel-li-gence (AI) and
 []


Underfull \hbox (badness 1270) in paragraph at lines 50--53
\OT1/cmr/m/n/10 Traditional Ma-chine Learn-ing Mod-els, es-pe-cially
 []


Underfull \hbox (badness 1205) in paragraph at lines 50--53
\OT1/cmr/m/n/10 Graph-ics Pro-cess-ing Units (GPUs) and pro-duce
 []


Underfull \hbox (badness 1210) in paragraph at lines 50--53
\OT1/cmr/m/n/10 large mod-els rang-ing from tens or hun-dreds of
 []


Underfull \hbox (badness 1048) in paragraph at lines 50--53
\OT1/cmr/m/n/10 has pos-i-tively in-flu-enced mul-ti-ple in-dus-tries and
 []


Underfull \hbox (badness 10000) in paragraph at lines 50--53

 []

LaTeX Font Info:    External font `cmex10' loaded for size
(Font)              <7> on input line 54.
LaTeX Font Info:    External font `cmex10' loaded for size
(Font)              <5> on input line 54.

Underfull \hbox (badness 10000) in paragraph at lines 54--54
[][][][]$\OT1/cmtt/m/n/8 https : / / venturebeat . com / ai /
 []


Overfull \hbox (52.40555pt too wide) in paragraph at lines 54--54
\OT1/cmtt/m/n/8 why-[]do-[]87-[]of-[]data-[]science-[]projects-[]never-[]make-[
]it-[]into-[]production/$[]| 
 []



pdfTeX warning: pdflatex (file ./resource/tinyml_deployment.pdf): PDF inclusion
: found PDF version <1.7>, but at most version <1.5> allowed
<resource/tinyml_deployment.pdf, id=95, 457.71pt x 233.9139pt>
File: resource/tinyml_deployment.pdf Graphic file (type pdf)
<use resource/tinyml_deployment.pdf>
Package pdftex.def Info: resource/tinyml_deployment.pdf  used on input line 59.

(pdftex.def)             Requested size: 229.35031pt x 150.51459pt.
[1{/usr/local/texlive/2024/texmf-var/fonts/map/pdftex/updmap/pdftex.map}


]
Underfull \hbox (badness 6157) in paragraph at lines 82--83
 []\OT1/cmr/bx/n/10 Data Col-lec-tion:[] \OT1/cmr/m/n/10 The work-flow starts w
ith
 []


Underfull \hbox (badness 10000) in paragraph at lines 82--83

 []


Underfull \hbox (badness 1215) in paragraph at lines 85--86
 []\OT1/cmr/bx/n/10 Preprocessing:[] \OT1/cmr/m/n/10 Once the data is col-lecte
d, it
 []


Underfull \hbox (badness 1067) in paragraph at lines 85--86
\OT1/cmr/m/n/10 to a com-mon scale, han-dling miss-ing val-ues to
 []


Underfull \hbox (badness 1383) in paragraph at lines 85--86
\OT1/cmr/m/n/10 or re-mov-ing in-com-plete data points, or fea-ture
 []


Underfull \hbox (badness 10000) in paragraph at lines 85--86

 []


Underfull \hbox (badness 10000) in paragraph at lines 88--89

 []


Underfull \hbox (badness 3009) in paragraph at lines 91--93
 []\OT1/cmr/bx/n/10 Model Con-ver-sion:[] \OT1/cmr/m/n/10 Model con-ver-sion is
 the
 []


Underfull \hbox (badness 1394) in paragraph at lines 91--93
\OT1/cmr/m/n/10 part when the ML model be-comes tiny, hence
 []


Underfull \hbox (badness 1178) in paragraph at lines 91--93
\OT1/cmr/m/n/10 constrained de-vices, like mi-cro-con-trollers. This
 []


Underfull \hbox (badness 10000) in paragraph at lines 91--93

 []

[2 <./resource/tinyml_deployment.pdf>]
Underfull \hbox (badness 10000) in paragraph at lines 95--97

 []


Underfull \hbox (badness 10000) in paragraph at lines 99--100

 []


Underfull \hbox (badness 4505) in paragraph at lines 103--104
\OT1/cmr/m/n/10 with-out need-ing con-tin-u-ous cloud con-nec-tiv-ity,
 []


Underfull \hbox (badness 10000) in paragraph at lines 103--104

 []


Underfull \hbox (badness 1072) in paragraph at lines 115--116
\OT1/cmr/m/n/10 as con-di-tions evolve. This ca-pa-bil-ity, how-ever,
 []


Underfull \hbox (badness 10000) in paragraph at lines 115--116

 []


Underfull \hbox (badness 10000) in paragraph at lines 121--122
\OT1/cmr/m/n/10 Integrating TinyML-enabled mi-cro-con-trollers
 []


Underfull \hbox (badness 10000) in paragraph at lines 121--122

 []

[3]
Underfull \hbox (badness 3919) in paragraph at lines 123--124
\OT1/cmr/m/n/10 cen-tral-ized pro-cess-ing or cloud-based an-a-lyt-ics,
 []


Underfull \hbox (badness 1308) in paragraph at lines 123--124
\OT1/cmr/m/n/10 while TinyML em-pha-sizes lo-cal com-pu-ta-tion on
 []


Underfull \hbox (badness 1622) in paragraph at lines 123--124
\OT1/cmr/m/n/10 hy-brid work-flows that com-bine cloud and edge
 []


Underfull \hbox (badness 10000) in paragraph at lines 123--124

 []


Underfull \hbox (badness 1337) in paragraph at lines 125--126
\OT1/cmr/m/n/10 scale. Up-dat-ing mod-els on dis-tributed MCUs,
 []


Underfull \hbox (badness 2486) in paragraph at lines 125--126
\OT1/cmr/m/n/10 de-vice health re-quire ro-bust in-fras-truc-ture and
 []


Underfull \hbox (badness 1389) in paragraph at lines 125--126
\OT1/cmr/m/n/10 op-er-ate such so-phis-ti-cated sys-tem re-quires deep
 []


Underfull \hbox (badness 1210) in paragraph at lines 125--126
\OT1/cmr/m/n/10 tech-ni-cal ca-pa-bil-ity which many of pro-fes-sion-als
 []


Underfull \hbox (badness 1728) in paragraph at lines 125--126
\OT1/cmr/m/n/10 widespread adop-tion and op-er-a-tional suc-cess in
 []


Underfull \hbox (badness 10000) in paragraph at lines 125--126

 []


Underfull \hbox (badness 10000) in paragraph at lines 133--134

 []



pdfTeX warning: pdflatex (file ./resource/tinyol_on_mcu.pdf): PDF inclusion: fo
und PDF version <1.7>, but at most version <1.5> allowed
<resource/tinyol_on_mcu.pdf, id=171, 486.85887pt x 234.8775pt>
File: resource/tinyol_on_mcu.pdf Graphic file (type pdf)
<use resource/tinyol_on_mcu.pdf>
Package pdftex.def Info: resource/tinyol_on_mcu.pdf  used on input line 140.
(pdftex.def)             Requested size: 229.35115pt x 130.87822pt.
[4{/usr/local/texlive/2024/texmf-dist/fonts/enc/dvips/cm-super/cm-super-ts1.enc
} <./resource/tinyol_on_mcu.pdf>]
Underfull \hbox (badness 2809) in paragraph at lines 171--172
[]\OT1/cmr/m/it/10 Initialization: \OT1/cmr/m/n/10 TinyOL ini-tial-izes both th
e
 []


Underfull \hbox (badness 1048) in paragraph at lines 178--179
 []\OT1/cmr/bx/n/10 Minium Re-source Con-sump-tion:[] \OT1/cmr/m/n/10 Af-ter pr
o-
 []


Underfull \hbox (badness 1436) in paragraph at lines 185--186
\OT1/cmr/m/n/10 There has been in-creased at-ten-tion to TinyML
 []


Underfull \hbox (badness 10000) in paragraph at lines 185--186

 []



pdfTeX warning: pdflatex (file ./resource/KG.pdf): PDF inclusion: found PDF ver
sion <1.7>, but at most version <1.5> allowed
<resource/KG.pdf, id=221, 825.0825pt x 413.62529pt>
File: resource/KG.pdf Graphic file (type pdf)
<use resource/KG.pdf>
Package pdftex.def Info: resource/KG.pdf  used on input line 193.
(pdftex.def)             Requested size: 435.32765pt x 261.77815pt.

Underfull \hbox (badness 1062) in paragraph at lines 201--203
\OT1/cmr/m/n/10 an on-tol-ogy that in-cludes def-i-ni-tions and meta-
 []


Underfull \hbox (badness 1881) in paragraph at lines 201--203
\OT1/cmr/m/n/10 ar-chi-tec-ture, layer con-fig-u-ra-tions, and hard-ware
 []


Underfull \hbox (badness 1831) in paragraph at lines 201--203
\OT1/cmr/m/n/10 be stored us-ing a graph database to fa-cil-i-tate
 []


Underfull \hbox (badness 10000) in paragraph at lines 201--203

 []


Underfull \hbox (badness 1424) in paragraph at lines 204--205
\OT1/cmr/m/n/10 knowl-edge graph, rep-re-sents a TinyML motion-
 []


Underfull \hbox (badness 1092) in paragraph at lines 204--205
\OT1/cmr/m/n/10 Sen-sor to Move Model in the knowl-edge graph
 []


Underfull \hbox (badness 1270) in paragraph at lines 204--205
\OT1/cmr/m/n/10 rep-re-sents a data de-pen-dency and com-pat-i-bil-ity
 []


Underfull \hbox (badness 10000) in paragraph at lines 204--205

 []

[5]
Underfull \hbox (badness 10000) in paragraph at lines 207--207
[][][][]$\OT1/cmtt/m/n/8 https : / / www . sap . com / products / technology-[]
platform /
 []


Underfull \hbox (badness 1052) in paragraph at lines 207--208
\OT1/cmr/m/n/10 plat-form, to en-able non-experts to man-age and
 []


Underfull \hbox (badness 2205) in paragraph at lines 207--208
\OT1/cmr/m/n/10 straight-for-ward to man-age busi-ness ap-pli-ca-tions
 []


Underfull \hbox (badness 10000) in paragraph at lines 207--208

 []

[6 <./resource/KG.pdf>]
Underfull \hbox (badness 10000) in paragraph at lines 217--217
[]\OT1/cmr/bx/n/12 Industrial Pre-dic-tive Main-te-
 []


Underfull \hbox (badness 1418) in paragraph at lines 219--220
\OT1/cmr/m/n/10 fail-ure data, to pre-dict in the fu-ture po-ten-tial
 []


Underfull \hbox (badness 1019) in paragraph at lines 219--220
\OT1/cmr/m/n/10 time and op-er-at-ing cost [[]]. The prac-tice of
 []


Underfull \hbox (badness 10000) in paragraph at lines 219--220

 []


Underfull \hbox (badness 10000) in paragraph at lines 225--226

 []


Underfull \hbox (badness 1436) in paragraph at lines 233--234
 []\OT1/cmr/bx/n/10 Anomaly De-tec-tion[] \OT1/cmr/m/n/10 In ex-treme en-vi-ron
-ments
 []


Underfull \hbox (badness 1028) in paragraph at lines 233--234
\OT1/cmr/m/n/10 the ISM330IS In-er-tial Mea-sure-ment Unit (IMU)
 []


Underfull \hbox (badness 10000) in paragraph at lines 233--234

 []


Underfull \hbox (badness 10000) in paragraph at lines 235--236

 []


Underfull \hbox (badness 5622) in paragraph at lines 241--242
 []\OT1/cmr/bx/n/10 Operational Mon-i-tor-ing and Anal-y-sis[] \OT1/cmr/m/n/10 
In
 []


Underfull \hbox (badness 1571) in paragraph at lines 241--242
\OT1/cmr/m/n/10 ex-treme en-vi-ron-ments, con-tin-u-ous mon-i-tor-ing of
 []


Underfull \hbox (badness 10000) in paragraph at lines 241--242

 []


Underfull \hbox (badness 2088) in paragraph at lines 243--244
\OT1/cmr/m/n/10 lo-ca-tions. The im-ple-men-ta-tion runs ef-fi-ciently
 []


Underfull \hbox (badness 1210) in paragraph at lines 243--244
\OT1/cmr/m/n/10 on an Ar-duino NANO 33 BLE mi-cro-con-troller,
 []


Underfull \hbox (badness 10000) in paragraph at lines 243--244

 []

[7]
Underfull \hbox (badness 2799) in paragraph at lines 259--260
\OT1/cmr/bx/n/10 ing Op-er-a-tions[] \OT1/cmr/m/n/10 An-other re-search pro-pos
es a
 []


Underfull \hbox (badness 10000) in paragraph at lines 259--260

 []


Underfull \hbox (badness 1242) in paragraph at lines 267--268
\OT1/cmr/m/n/10 of TinyML into health-care is trans-form-ing how
 []


Underfull \hbox (badness 10000) in paragraph at lines 267--268

 []


Underfull \hbox (badness 1496) in paragraph at lines 269--270
\OT1/cmr/m/n/10 and an Ar-duino Nano 33 BLE mi-cro-con-troller,
 []


Underfull \hbox (badness 1005) in paragraph at lines 269--270
\OT1/cmr/m/n/10 The sys-tem achieves high ac-cu-racy, with 98.8%
 []


Underfull \hbox (badness 1028) in paragraph at lines 269--270
\OT1/cmr/m/n/10 for ECG and 100% for PPG, while min-i-miz-ing
 []


Underfull \hbox (badness 1067) in paragraph at lines 269--270
\OT1/cmr/m/n/10 lev-els, the de-vice demon-strates its po-ten-tial for
 []


Underfull \hbox (badness 10000) in paragraph at lines 269--270

 []

[8]
Underfull \hbox (badness 1117) in paragraph at lines 272--273
[]\OT1/cmr/m/n/10 The TinyML-based sys-tem pre-sented in an-other
 []


Underfull \hbox (badness 1231) in paragraph at lines 272--273
\OT1/cmr/m/n/10 tode-tec-tor. This ap-proach elim-i-nates the need
 []


Underfull \hbox (badness 10000) in paragraph at lines 272--273

 []


Underfull \hbox (badness 1622) in paragraph at lines 275--276
\OT1/cmr/m/n/10 vices with high ac-cu-racy to non-invasive blood
 []


Underfull \hbox (badness 1796) in paragraph at lines 281--282
\OT1/cmr/m/n/10 En-hanced tech-niques like fed-er-ated learn-ing for
 []


Underfull \hbox (badness 10000) in paragraph at lines 281--282

 []


Underfull \hbox (badness 1077) in paragraph at lines 283--284
\OT1/cmr/m/n/10 nec-tiv-ity stan-dards may also ac-cel-er-ate TinyML
 []


Underfull \hbox (badness 1742) in paragraph at lines 283--284
\OT1/cmr/m/n/10 adop-tion, as these ad-vance-ments could sup-port
 []


Underfull \hbox (badness 1838) in paragraph at lines 283--284
\OT1/cmr/m/n/10 more re-li-able in-ter-mit-tent con-nec-tiv-ity for edge
 []


Underfull \hbox (badness 1127) in paragraph at lines 283--284
\OT1/cmr/m/n/10 is also ex-pected to ex-pand in ar-eas like smart
 []


Underfull \hbox (badness 10000) in paragraph at lines 283--284

 []


Underfull \hbox (badness 1107) in paragraph at lines 292--293
\OT1/cmr/m/n/10 from con-cept to pro-duc-tion, in-clud-ing hard-ware
 []


Underfull \hbox (badness 10000) in paragraph at lines 292--293

 []


Underfull \hbox (badness 1331) in paragraph at lines 294--295
\OT1/cmr/m/n/10 farm-ers with pre-ci-sion tools for mon-i-tor-ing soil
 []


Underfull \hbox (badness 1742) in paragraph at lines 294--295
\OT1/cmr/m/n/10 such as car-diac and blood pres-sure mon-i-tor-ing
 []


Underfull \hbox (badness 10000) in paragraph at lines 294--295

 []

[9]
Underfull \hbox (badness 10000) in paragraph at lines 296--297

 []

(./seminarpaper.bbl
LaTeX Font Info:    Trying to load font information for OMS+cmr on input line 1
0.

(/usr/local/texlive/2024/texmf-dist/tex/latex/base/omscmr.fd
File: omscmr.fd 2023/04/13 v2.5m Standard LaTeX font definitions
)
LaTeX Font Info:    Font shape `OMS/cmr/m/n' in size <10> not available
(Font)              Font shape `OMS/cmsy/m/n' tried instead on input line 10.

Underfull \hbox (badness 1314) in paragraph at lines 10--12
\OT1/cmr/m/n/10 Con-fer-ence on Em-bed-ded Net-worked Sen-sor
 []


Underfull \hbox (badness 3229) in paragraph at lines 14--19
[]\OT1/cmr/m/n/10 Youssef Abadade, Anas Temouden, Ha-tim
 []


Underfull \hbox (badness 1005) in paragraph at lines 21--26
\OT1/cmr/m/n/10 On Pre-dic-tive Main-te-nance in In-dus-try 4.0:
 []


Underfull \hbox (badness 2951) in paragraph at lines 33--37
\OT1/cmr/m/n/10 Pow-ered Drone in Agri-cul-ture Ap-pli-ca-tion.
 []


Underfull \hbox (badness 2221) in paragraph at lines 65--69
[]\OT1/cmr/m/n/10 Miguel de Prado, Manuele Rusci, Ro-main
 []

[10]
Underfull \hbox (badness 10000) in paragraph at lines 88--91
[]\OT1/cmr/m/n/10 Andrew Zal-divar Mar-garet Mitchell, Si-
 []


Underfull \hbox (badness 2005) in paragraph at lines 118--123
[]\OT1/cmr/m/n/10 Shvetank Prakash, Emil Njor, Colby Ban-
 []


Underfull \hbox (badness 10000) in paragraph at lines 125--129
[]\OT1/cmr/m/n/10 Purushothaman R, Praveena N.G, and
 []


Underfull \hbox (badness 1052) in paragraph at lines 177--181
[]\OT1/cmr/m/n/10 Bailian Sun, Safin Bayes, Ab-del-rhman Mo-
 []


Underfull \hbox (badness 1137) in paragraph at lines 177--181
\OT1/cmr/m/n/10 Case for tinyML in Health-care: CNNs for
 []

) [11] (./seminarpaper.aux)
 ***********
LaTeX2e <2023-11-01> patch level 1
L3 programming layer <2024-02-20>
 ***********
Package rerunfilecheck Info: File `seminarpaper.out' has not changed.
(rerunfilecheck)             Checksum: 9C3FBA274A4D02AA2DF9ADC30B0DBBEE;4089.
 ) 
Here is how much of TeX's memory you used:
 8791 strings out of 474116
 138034 string characters out of 5743682
 1947187 words of memory out of 5000000
 30966 multiletter control sequences out of 15000+600000
 563480 words of font info for 54 fonts, out of 8000000 for 9000
 1141 hyphenation exceptions out of 8191
 75i,9n,79p,1435b,544s stack positions out of 10000i,1000n,20000p,200000b,200000s
</usr/local/texlive/2024/texmf-dist/fonts/type1/public/amsfonts/cm/cmbx10.pfb
></usr/local/texlive/2024/texmf-dist/fonts/type1/public/amsfonts/cm/cmbx12.pfb>
</usr/local/texlive/2024/texmf-dist/fonts/type1/public/amsfonts/cm/cmr10.pfb></
usr/local/texlive/2024/texmf-dist/fonts/type1/public/amsfonts/cm/cmr12.pfb></us
r/local/texlive/2024/texmf-dist/fonts/type1/public/amsfonts/cm/cmr17.pfb></usr/
local/texlive/2024/texmf-dist/fonts/type1/public/amsfonts/cm/cmr6.pfb></usr/loc
al/texlive/2024/texmf-dist/fonts/type1/public/amsfonts/cm/cmr7.pfb></usr/local/
texlive/2024/texmf-dist/fonts/type1/public/amsfonts/cm/cmr8.pfb></usr/local/tex
live/2024/texmf-dist/fonts/type1/public/amsfonts/cm/cmsy10.pfb></usr/local/texl
ive/2024/texmf-dist/fonts/type1/public/amsfonts/cm/cmti10.pfb></usr/local/texli
ve/2024/texmf-dist/fonts/type1/public/amsfonts/cm/cmtt8.pfb></usr/local/texlive
/2024/texmf-dist/fonts/type1/public/cm-super/sfrm1000.pfb>
Output written on seminarpaper.pdf (11 pages, 480748 bytes).
PDF statistics:
 430 PDF objects out of 1000 (max. 8388607)
 353 compressed objects within 4 object streams
 93 named destinations out of 1000 (max. 500000)
 168 words of extra memory for PDF output out of 10000 (max. 10000000)

